benchmark/build/intermediates/manifest_merge_blame_file/debug/processDebugManifest/manifest-merger-blame-debug-report.txt
1<?xml version="1.0" encoding="utf-8"?>
2<manifest xmlns:android="http://schemas.android.com/apk/res/android"
3    package="com.example.cogwatch.benchmark" >
4
5    <uses-sdk
5-->manifest\debug\tempFile2ProcessTestManifest9252703735733076673.xml:5:5-7:41
6        android:minSdkVersion="28"
6-->manifest\debug\tempFile2ProcessTestManifest9252703735733076673.xml:6:9-35
7        android:targetSdkVersion="35" />
7-->manifest\debug\tempFile2ProcessTestManifest9252703735733076673.xml:7:9-38
8
9    <instrumentation
9-->manifest\debug\tempFile2ProcessTestManifest9252703735733076673.xml:9:5-14:66
10        android:name="androidx.test.runner.AndroidJUnitRunner"
10-->manifest\debug\tempFile2ProcessTestManifest9252703735733076673.xml:10:9-63
11        android:functionalTest="false"
11-->manifest\debug\tempFile2ProcessTestManifest9252703735733076673.xml:11:9-39
12        android:handleProfiling="false"
12-->manifest\debug\tempFile2ProcessTestManifest9252703735733076673.xml:12:9-40
13        android:label="Tests for com.example.cogwatch.benchmark"
13-->manifest\debug\tempFile2ProcessTestManifest9252703735733076673.xml:13:9-65
14        android:targetPackage="com.example.cogwatch.benchmark" />
14-->manifest\debug\tempFile2ProcessTestManifest9252703735733076673.xml:14:9-63
15
16    <uses-permission android:name="android.permission.QUERY_ALL_PACKAGES" />
16-->[androidx.benchmark:benchmark-macro:1.3.3] AndroidManifest.xml:23:5-25:53
16-->[androidx.benchmark:benchmark-macro:1.3.3] AndroidManifest.xml:24:9-61
17    <!--
18         Internet permission is required for perfetto trace shell processor http server but
19        it's used to reach localhost only
20    -->
21    <uses-permission android:name="android.permission.INTERNET" />
21-->[androidx.benchmark:benchmark-macro:1.3.3] AndroidManifest.xml:31:5-67
21-->[androidx.benchmark:benchmark-macro:1.3.3] AndroidManifest.xml:31:22-64
22    <!--
23    This is needed to write benchmark report data to an external directory during instrumented
24    tests to allow the accompanying androidx.benchmark gradle plugin to pull the reports onto host
25     machine after the tests are done running.
26    -->
27    <uses-permission android:name="android.permission.WRITE_EXTERNAL_STORAGE" />
27-->[androidx.benchmark:benchmark-common:1.3.3] AndroidManifest.xml:27:5-81
27-->[androidx.benchmark:benchmark-common:1.3.3] AndroidManifest.xml:27:22-78
28    <uses-permission android:name="android.permission.READ_EXTERNAL_STORAGE" />
29    <uses-permission android:name="android.permission.REORDER_TASKS" />
29-->[androidx.test:core:1.7.0] AndroidManifest.xml:24:5-72
29-->[androidx.test:core:1.7.0] AndroidManifest.xml:24:22-69
30
31    <queries>
31-->[androidx.test:runner:1.7.0] AndroidManifest.xml:24:5-28:15
32        <package android:name="androidx.test.orchestrator" />
32-->[androidx.test:runner:1.7.0] AndroidManifest.xml:25:9-62
32-->[androidx.test:runner:1.7.0] AndroidManifest.xml:25:18-59
33        <package android:name="androidx.test.services" />
33-->[androidx.test:runner:1.7.0] AndroidManifest.xml:26:9-58
33-->[androidx.test:runner:1.7.0] AndroidManifest.xml:26:18-55
34        <package android:name="com.google.android.apps.common.testing.services" />
34-->[androidx.test:runner:1.7.0] AndroidManifest.xml:27:9-83
34-->[androidx.test:runner:1.7.0] AndroidManifest.xml:27:18-80
35    </queries>
36
37    <permission
37-->[androidx.core:core:1.9.0] AndroidManifest.xml:22:5-24:47
38        android:name="com.example.cogwatch.benchmark.DYNAMIC_RECEIVER_NOT_EXPORTED_PERMISSION"
38-->[androidx.core:core:1.9.0] AndroidManifest.xml:23:9-81
39        android:protectionLevel="signature" />
39-->[androidx.core:core:1.9.0] AndroidManifest.xml:24:9-44
40
41    <uses-permission android:name="com.example.cogwatch.benchmark.DYNAMIC_RECEIVER_NOT_EXPORTED_PERMISSION" /> <!-- Required for macrobenchmark trace capture on userdebug/rooted builds -->
41-->[androidx.core:core:1.9.0] AndroidManifest.xml:26:5-97
41-->[androidx.core:core:1.9.0] AndroidManifest.xml:26:22-94
42    <application
42-->manifest\debug\tempFile2ProcessTestManifest9252703735733076673.xml:15:5-19:19
43        android:appComponentFactory="androidx.core.app.CoreComponentFactory"
43-->[androidx.core:core:1.9.0] AndroidManifest.xml:28:18-86
44        android:debuggable="true"
45        android:extractNativeLibs="false"
46        android:networkSecurityConfig="@xml/network_security_config" >
46-->[androidx.benchmark:benchmark-macro:1.3.3] AndroidManifest.xml:42:18-78
47        <profileable android:shell="true" />
47-->manifest\debug\tempFile2ProcessTestManifest9252703735733076673.xml:16:9-45
47-->manifest\debug\tempFile2ProcessTestManifest9252703735733076673.xml:16:22-42
48
49        <uses-library android:name="android.test.runner" />
49-->manifest\debug\tempFile2ProcessTestManifest9252703735733076673.xml:18:9-60
49-->manifest\debug\tempFile2ProcessTestManifest9252703735733076673.xml:18:23-57
50        <!-- Activity used to block background content while benchmarks are running -->
51        <activity
51-->[androidx.benchmark:benchmark-common:1.3.3] AndroidManifest.xml:32:9-36:20
52            android:name="androidx.benchmark.IsolationActivity"
52-->[androidx.benchmark:benchmark-common:1.3.3] AndroidManifest.xml:33:13-64
53            android:exported="true"
53-->[androidx.benchmark:benchmark-common:1.3.3] AndroidManifest.xml:34:13-36
54            android:theme="@android:style/Theme.Light.NoTitleBar.Fullscreen" >
54-->[androidx.benchmark:benchmark-common:1.3.3] AndroidManifest.xml:35:13-77
55        </activity>
56        <activity
56-->[androidx.test:core:1.7.0] AndroidManifest.xml:27:9-34:20
57            android:name="androidx.test.core.app.InstrumentationActivityInvoker$BootstrapActivity"
57-->[androidx.test:core:1.7.0] AndroidManifest.xml:28:13-99
58            android:exported="true"
58-->[androidx.test:core:1.7.0] AndroidManifest.xml:29:13-36
59            android:theme="@style/WhiteBackgroundTheme" >
59-->[androidx.test:core:1.7.0] AndroidManifest.xml:30:13-56
60            <intent-filter android:priority="-100" >
60-->[androidx.test:core:1.7.0] AndroidManifest.xml:31:13-33:29
60-->[androidx.test:core:1.7.0] AndroidManifest.xml:31:28-51
61                <category android:name="android.intent.category.LAUNCHER" />
61-->[androidx.test:core:1.7.0] AndroidManifest.xml:32:17-77
61-->[androidx.test:core:1.7.0] AndroidManifest.xml:32:27-74
62            </intent-filter>
63        </activity>
64        <activity
64-->[androidx.test:core:1.7.0] AndroidManifest.xml:35:9-42:20
65            android:name="androidx.test.core.app.InstrumentationActivityInvoker$EmptyActivity"
65-->[androidx.test:core:1.7.0] AndroidManifest.xml:36:13-95
66            android:exported="true"
66-->[androidx.test:core:1.7.0] AndroidManifest.xml:37:13-36
67            android:theme="@style/WhiteBackgroundTheme" >
67-->[androidx.test:core:1.7.0] AndroidManifest.xml:38:13-56
68            <intent-filter android:priority="-100" >
68-->[androidx.test:core:1.7.0] AndroidManifest.xml:31:13-33:29
68-->[androidx.test:core:1.7.0] AndroidManifest.xml:31:28-51
69                <category android:name="android.intent.category.LAUNCHER" />
69-->[androidx.test:core:1.7.0] AndroidManifest.xml:32:17-77
69-->[androidx.test:core:1.7.0] AndroidManifest.xml:32:27-74
70            </intent-filter>
71        </activity>
72        <activity
72-->[androidx.test:core:1.7.0] AndroidManifest.xml:43:9-50:20
73            android:name="androidx.test.core.app.InstrumentationActivityInvoker$EmptyFloatingActivity"
73-->[androidx.test:core:1.7.0] AndroidManifest.xml:44:13-103
74            android:exported="true"
74-->[androidx.test:core:1.7.0] AndroidManifest.xml:45:13-36
75            android:theme="@style/WhiteBackgroundDialogTheme" >
75-->[androidx.test:core:1.7.0] AndroidManifest.xml:46:13-62
76            <intent-filter android:priority="-100" >
76-->[androidx.test:core:1.7.0] AndroidManifest.xml:31:13-33:29
76-->[androidx.test:core:1.7.0] AndroidManifest.xml:31:28-51
77                <category android:name="android.intent.category.LAUNCHER" />
77-->[androidx.test:core:1.7.0] AndroidManifest.xml:32:17-77
77-->[androidx.test:core:1.7.0] AndroidManifest.xml:32:27-74
78            </intent-filter>
79        </activity>
80
81        <receiver
81-->[androidx.tracing:tracing-perfetto:1.0.0] AndroidManifest.xml:24:9-37:20
82            android:name="androidx.tracing.perfetto.TracingReceiver"
82-->[androidx.tracing:tracing-perfetto:1.0.0] AndroidManifest.xml:25:13-69
83            android:directBootAware="false"
83-->[androidx.tracing:tracing-perfetto:1.0.0] AndroidManifest.xml:26:13-44
84            android:enabled="true"
84-->[androidx.tracing:tracing-perfetto:1.0.0] AndroidManifest.xml:27:13-35
85            android:exported="true"
85-->[androidx.tracing:tracing-perfetto:1.0.0] AndroidManifest.xml:28:13-36
86            android:permission="android.permission.DUMP" >
86-->[androidx.tracing:tracing-perfetto:1.0.0] AndroidManifest.xml:29:13-57
87
88            <!-- Note: DUMP above highly limits who can call the receiver; Shell has DUMP perm. -->
89            <intent-filter>
89-->[androidx.tracing:tracing-perfetto:1.0.0] AndroidManifest.xml:32:13-36:29
90                <action android:name="androidx.tracing.perfetto.action.ENABLE_TRACING" />
90-->[androidx.tracing:tracing-perfetto:1.0.0] AndroidManifest.xml:33:17-90
90-->[androidx.tracing:tracing-perfetto:1.0.0] AndroidManifest.xml:33:25-87
91                <action android:name="androidx.tracing.perfetto.action.ENABLE_TRACING_COLD_START" />
91-->[androidx.tracing:tracing-perfetto:1.0.0] AndroidManifest.xml:34:17-101
91-->[androidx.tracing:tracing-perfetto:1.0.0] AndroidManifest.xml:34:25-98
92                <action android:name="androidx.tracing.perfetto.action.DISABLE_TRACING_COLD_START" />
92-->[androidx.tracing:tracing-perfetto:1.0.0] AndroidManifest.xml:35:17-102
92-->[androidx.tracing:tracing-perfetto:1.0.0] AndroidManifest.xml:35:25-99
93            </intent-filter>
94        </receiver>
95
96        <provider
96-->[androidx.tracing:tracing-perfetto:1.0.0] AndroidManifest.xml:39:9-47:20
97            android:name="androidx.startup.InitializationProvider"
97-->[androidx.tracing:tracing-perfetto:1.0.0] AndroidManifest.xml:40:13-67
98            android:authorities="com.example.cogwatch.benchmark.androidx-startup"
98-->[androidx.tracing:tracing-perfetto:1.0.0] AndroidManifest.xml:41:13-68
99            android:exported="false" >
99-->[androidx.tracing:tracing-perfetto:1.0.0] AndroidManifest.xml:42:13-37
100            <meta-data
100-->[androidx.tracing:tracing-perfetto:1.0.0] AndroidManifest.xml:44:13-46:52
101                android:name="androidx.tracing.perfetto.StartupTracingInitializer"
101-->[androidx.tracing:tracing-perfetto:1.0.0] AndroidManifest.xml:45:17-83
102                android:value="androidx.startup" />
102-->[androidx.tracing:tracing-perfetto:1.0.0] AndroidManifest.xml:46:17-49
103            <meta-data
103-->[androidx.profileinstaller:profileinstaller:1.3.1] AndroidManifest.xml:29:13-31:52
104                android:name="androidx.profileinstaller.ProfileInstallerInitializer"
104-->[androidx.profileinstaller:profileinstaller:1.3.1] AndroidManifest.xml:30:17-85
105                android:value="androidx.startup" />
105-->[androidx.profileinstaller:profileinstaller:1.3.1] AndroidManifest.xml:31:17-49
106        </provider>
107
108        <receiver
108-->[androidx.tracing:tracing-perfetto:1.0.0] AndroidManifest.xml:49:9-55:20
109            android:name="androidx.tracing.perfetto.StartupTracingConfigStoreIsEnabledGate"
109-->[androidx.tracing:tracing-perfetto:1.0.0] AndroidManifest.xml:50:13-92
110            android:directBootAware="false"
110-->[androidx.tracing:tracing-perfetto:1.0.0] AndroidManifest.xml:51:13-44
111            android:enabled="false"
111-->[androidx.tracing:tracing-perfetto:1.0.0] AndroidManifest.xml:52:13-36
112            android:exported="false" >
112-->[androidx.tracing:tracing-perfetto:1.0.0] AndroidManifest.xml:53:13-37
113        </receiver>
114        <receiver
114-->[androidx.profileinstaller:profileinstaller:1.3.1] AndroidManifest.xml:34:9-52:20
115            android:name="androidx.profileinstaller.ProfileInstallReceiver"
115-->[androidx.profileinstaller:profileinstaller:1.3.1] AndroidManifest.xml:35:13-76
116            android:directBootAware="false"
116-->[androidx.profileinstaller:profileinstaller:1.3.1] AndroidManifest.xml:36:13-44
117            android:enabled="true"
117-->[androidx.profileinstaller:profileinstaller:1.3.1] AndroidManifest.xml:37:13-35
118            android:exported="true"
118-->[androidx.profileinstaller:profileinstaller:1.3.1] AndroidManifest.xml:38:13-36
119            android:permission="android.permission.DUMP" >
119-->[androidx.profileinstaller:profileinstaller:1.3.1] AndroidManifest.xml:39:13-57
120            <intent-filter>
120-->[androidx.profileinstaller:profileinstaller:1.3.1] AndroidManifest.xml:40:13-42:29
121                <action android:name="androidx.profileinstaller.action.INSTALL_PROFILE" />
121-->[androidx.profileinstaller:profileinstaller:1.3.1] AndroidManifest.xml:41:17-91
121-->[androidx.profileinstaller:profileinstaller:1.3.1] AndroidManifest.xml:41:25-88
122            </intent-filter>
123            <intent-filter>
123-->[androidx.profileinstaller:profileinstaller:1.3.1] AndroidManifest.xml:43:13-45:29
124                <action android:name="androidx.profileinstaller.action.SKIP_FILE" />
124-->[androidx.profileinstaller:profileinstaller:1.3.1] AndroidManifest.xml:44:17-85
124-->[androidx.profileinstaller:profileinstaller:1.3.1] AndroidManifest.xml:44:25-82
125            </intent-filter>
126            <intent-filter>
126-->[androidx.profileinstaller:profileinstaller:1.3.1] AndroidManifest.xml:46:13-48:29
127                <action android:name="androidx.profileinstaller.action.SAVE_PROFILE" />
127-->[androidx.profileinstaller:profileinstaller:1.3.1] AndroidManifest.xml:47:17-88
127-->[androidx.profileinstaller:profileinstaller:1.3.1] AndroidManifest.xml:47:25-85
128            </intent-filter>
129            <intent-filter>
129-->[androidx.profileinstaller:profileinstaller:1.3.1] AndroidManifest.xml:49:13-51:29
130                <action android:name="androidx.profileinstaller.action.BENCHMARK_OPERATION" />
130-->[androidx.profileinstaller:profileinstaller:1.3.1] AndroidManifest.xml:50:17-95
130-->[androidx.profileinstaller:profileinstaller:1.3.1] AndroidManifest.xml:50:25-92
131            </intent-filter>
132        </receiver>
133    </application>
134
135</manifest>